# JRE version: Java(TM) SE Runtime Environment (8.0_05-b13) (build 1.8.0_05-b13)
# Java VM: Java HotSpot(TM) 64-Bit Server VM (25.5-b02 mixed mode linux-amd64 compressed oops)
Heap:
 PSYoungGen      total 54272K, used 33064K [0x000000076ce00000, 0x0000000770680000, 0x00000007c0000000)
  eden space 51712K, 60% used [0x000000076ce00000,0x000000076ec86500,0x0000000770080000)
  from space 2560K, 70% used [0x0000000770400000,0x00000007705c3dd8,0x0000000770680000)
  to   space 3072K, 0% used [0x0000000770080000,0x0000000770080000,0x0000000770380000)
 ParOldGen       total 10240K, used 7489K [0x00000006c6a00000, 0x00000006c7400000, 0x000000076ce00000)
  object space 10240K, 73% used [0x00000006c6a00000,0x00000006c7150518,0x00000006c7400000)
 Metaspace       used 27141K, capacity 27262K, committed 27520K, reserved 1073152K
  class space    used 4350K, capacity 4371K, committed 4480K, reserved 1048576K
GC Heap History (10 events):
Event: 3.491 GC heap before
{Heap before GC invocations=24 (full 2):
 PSYoungGen      total 38912K, used 37007K [0x000000076ce00000, 0x000000076fc80000, 0x00000007c0000000)
  eden space 35328K, 100% used [0x000000076ce00000,0x000000076f080000,0x000000076f080000)
  from space 3584K, 46% used [0x000000076f080000,0x000000076f223dc8,0x000000076f400000)
  to   space 3584K, 0% used [0x000000076f900000,0x000000076f900000,0x000000076fc80000)
 ParOldGen       total 10240K, used 7489K [0x00000006c6a00000, 0x00000006c7400000, 0x000000076ce00000)
  object space 10240K, 73% used [0x00000006c6a00000,0x00000006c7150518,0x00000006c7400000)
 Metaspace       used 26492K, capacity 26590K, committed 26880K, reserved 1071104K
  class space    used 4264K, capacity 4275K, committed 4352K, reserved 1048576K
Event: 3.495 GC heap after
Heap after GC invocations=24 (full 2):
 PSYoungGen      total 44032K, used 1711K [0x000000076ce00000, 0x000000076fc00000, 0x00000007c0000000)
  eden space 40960K, 0% used [0x000000076ce00000,0x000000076ce00000,0x000000076f600000)
  from space 3072K, 55% used [0x000000076f900000,0x000000076faabdd8,0x000000076fc00000)
  to   space 3072K, 0% used [0x000000076f600000,0x000000076f600000,0x000000076f900000)
 ParOldGen       total 10240K, used 7489K [0x00000006c6a00000, 0x00000006c7400000, 0x000000076ce00000)
  object space 10240K, 73% used [0x00000006c6a00000,0x00000006c7150518,0x00000006c7400000)
 Metaspace       used 26492K, capacity 26590K, committed 26880K, reserved 1071104K
  class space    used 4264K, capacity 4275K, committed 4352K, reserved 1048576K
}
Event: 3.627 GC heap before
{Heap before GC invocations=25 (full 2):
 PSYoungGen      total 44032K, used 42671K [0x000000076ce00000, 0x000000076fc00000, 0x00000007c0000000)
  eden space 40960K, 100% used [0x000000076ce00000,0x000000076f600000,0x000000076f600000)
  from space 3072K, 55% used [0x000000076f900000,0x000000076faabdd8,0x000000076fc00000)
  to   space 3072K, 0% used [0x000000076f600000,0x000000076f600000,0x000000076f900000)
 ParOldGen       total 10240K, used 7489K [0x00000006c6a00000, 0x00000006c7400000, 0x000000076ce00000)
  object space 10240K, 73% used [0x00000006c6a00000,0x00000006c7150518,0x00000006c7400000)
 Metaspace       used 26492K, capacity 26590K, committed 26880K, reserved 1071104K
  class space    used 4264K, capacity 4275K, committed 4352K, reserved 1048576K
Event: 3.629 GC heap after
Heap after GC invocations=25 (full 2):
 PSYoungGen      total 44032K, used 1711K [0x000000076ce00000, 0x0000000770200000, 0x00000007c0000000)
  eden space 40960K, 0% used [0x000000076ce00000,0x000000076ce00000,0x000000076f600000)
  from space 3072K, 55% used [0x000000076f600000,0x000000076f7abdd8,0x000000076f900000)
  to   space 3072K, 0% used [0x000000076ff00000,0x000000076ff00000,0x0000000770200000)
 ParOldGen       total 10240K, used 7489K [0x00000006c6a00000, 0x00000006c7400000, 0x000000076ce00000)
  object space 10240K, 73% used [0x00000006c6a00000,0x00000006c7150518,0x00000006c7400000)
 Metaspace       used 26492K, capacity 26590K, committed 26880K, reserved 1071104K
  class space    used 4264K, capacity 4275K, committed 4352K, reserved 1048576K
}
Event: 3.736 GC heap before
{Heap before GC invocations=26 (full 2):
 PSYoungGen      total 44032K, used 42671K [0x000000076ce00000, 0x0000000770200000, 0x00000007c0000000)
  eden space 40960K, 100% used [0x000000076ce00000,0x000000076f600000,0x000000076f600000)
  from space 3072K, 55% used [0x000000076f600000,0x000000076f7abdd8,0x000000076f900000)
  to   space 3072K, 0% used [0x000000076ff00000,0x000000076ff00000,0x0000000770200000)
 ParOldGen       total 10240K, used 7489K [0x00000006c6a00000, 0x00000006c7400000, 0x000000076ce00000)
  object space 10240K, 73% used [0x00000006c6a00000,0x00000006c7150518,0x00000006c7400000)
 Metaspace       used 26492K, capacity 26590K, committed 26880K, reserved 1071104K
  class space    used 4264K, capacity 4275K, committed 4352K, reserved 1048576K
Event: 3.737 GC heap after
Heap after GC invocations=26 (full 2):
 PSYoungGen      total 50176K, used 1807K [0x000000076ce00000, 0x0000000770200000, 0x00000007c0000000)
  eden space 47104K, 0% used [0x000000076ce00000,0x000000076ce00000,0x000000076fc00000)
  from space 3072K, 58% used [0x000000076ff00000,0x00000007700c3dd8,0x0000000770200000)
  to   space 3072K, 0% used [0x000000076fc00000,0x000000076fc00000,0x000000076ff00000)
 ParOldGen       total 10240K, used 7489K [0x00000006c6a00000, 0x00000006c7400000, 0x000000076ce00000)
  object space 10240K, 73% used [0x00000006c6a00000,0x00000006c7150518,0x00000006c7400000)
 Metaspace       used 26492K, capacity 26590K, committed 26880K, reserved 1071104K
  class space    used 4264K, capacity 4275K, committed 4352K, reserved 1048576K
}
Event: 3.857 GC heap before
{Heap before GC invocations=27 (full 2):
 PSYoungGen      total 50176K, used 48911K [0x000000076ce00000, 0x0000000770200000, 0x00000007c0000000)
  eden space 47104K, 100% used [0x000000076ce00000,0x000000076fc00000,0x000000076fc00000)
  from space 3072K, 58% used [0x000000076ff00000,0x00000007700c3dd8,0x0000000770200000)
  to   space 3072K, 0% used [0x000000076fc00000,0x000000076fc00000,0x000000076ff00000)
 ParOldGen       total 10240K, used 7489K [0x00000006c6a00000, 0x00000006c7400000, 0x000000076ce00000)
  object space 10240K, 73% used [0x00000006c6a00000,0x00000006c7150518,0x00000006c7400000)
 Metaspace       used 26492K, capacity 26590K, committed 26880K, reserved 1071104K
  class space    used 4264K, capacity 4275K, committed 4352K, reserved 1048576K
Event: 3.859 GC heap after
Heap after GC invocations=27 (full 2):
 PSYoungGen      total 50176K, used 1871K [0x000000076ce00000, 0x0000000770700000, 0x00000007c0000000)
  eden space 47104K, 0% used [0x000000076ce00000,0x000000076ce00000,0x000000076fc00000)
  from space 3072K, 60% used [0x000000076fc00000,0x000000076fdd3dd8,0x000000076ff00000)
  to   space 3072K, 0% used [0x0000000770400000,0x0000000770400000,0x0000000770700000)
 ParOldGen       total 10240K, used 7489K [0x00000006c6a00000, 0x00000006c7400000, 0x000000076ce00000)
  object space 10240K, 73% used [0x00000006c6a00000,0x00000006c7150518,0x00000006c7400000)
 Metaspace       used 26492K, capacity 26590K, committed 26880K, reserved 1071104K
  class space    used 4264K, capacity 4275K, committed 4352K, reserved 1048576K
}
Event: 3.978 GC heap before
{Heap before GC invocations=28 (full 2):
 PSYoungGen      total 50176K, used 48975K [0x000000076ce00000, 0x0000000770700000, 0x00000007c0000000)
  eden space 47104K, 100% used [0x000000076ce00000,0x000000076fc00000,0x000000076fc00000)
  from space 3072K, 60% used [0x000000076fc00000,0x000000076fdd3dd8,0x000000076ff00000)
  to   space 3072K, 0% used [0x0000000770400000,0x0000000770400000,0x0000000770700000)
 ParOldGen       total 10240K, used 7489K [0x00000006c6a00000, 0x00000006c7400000, 0x000000076ce00000)
  object space 10240K, 73% used [0x00000006c6a00000,0x00000006c7150518,0x00000006c7400000)
 Metaspace       used 26492K, capacity 26590K, committed 26880K, reserved 1071104K
  class space    used 4264K, capacity 4275K, committed 4352K, reserved 1048576K
Event: 3.980 GC heap after
Heap after GC invocations=28 (full 2):
 PSYoungGen      total 54272K, used 1807K [0x000000076ce00000, 0x0000000770680000, 0x00000007c0000000)
  eden space 51712K, 0% used [0x000000076ce00000,0x000000076ce00000,0x0000000770080000)
  from space 2560K, 70% used [0x0000000770400000,0x00000007705c3dd8,0x0000000770680000)
  to   space 3072K, 0% used [0x0000000770080000,0x0000000770080000,0x0000000770380000)
 ParOldGen       total 10240K, used 7489K [0x00000006c6a00000, 0x00000006c7400000, 0x000000076ce00000)
  object space 10240K, 73% used [0x00000006c6a00000,0x00000006c7150518,0x00000006c7400000)
 Metaspace       used 26492K, capacity 26590K, committed 26880K, reserved 1071104K
  class space    used 4264K, capacity 4275K, committed 4352K, reserved 1048576K
}

